<?xml version="1.0" encoding="UTF-8"?>
<!-- Generated by org.testng.reporters.JUnitReportReporter -->
<testsuite hostname="DESKTOP-7S1MOM9" failures="0" tests="1" name="driverFactory.AppTest" time="30.148" errors="0" timestamp="2024-05-30T10:43:33 IST" skipped="0">
  <testcase classname="driverFactory.AppTest" name="startTest" time="30.148">
    <system-out>
      <![CDATA[No Of Rows are ::10
Username and password are Valid:: dashboard----http://webapp.qedgetech.com/dashboard.php
Incorrect user ID or password------dashboard------http://webapp.qedgetech.com/login.php
Username and password are Valid:: dashboard----http://webapp.qedgetech.com/dashboard.php
Incorrect user ID or password------dashboard------http://webapp.qedgetech.com/login.php
Username and password are Valid:: dashboard----http://webapp.qedgetech.com/dashboard.php
Incorrect user ID or password------dashboard------http://webapp.qedgetech.com/login.php
Incorrect user ID or password------dashboard------http://webapp.qedgetech.com/login.php
Username and password are Valid:: dashboard----http://webapp.qedgetech.com/dashboard.php
Username and password are Valid:: dashboard----http://webapp.qedgetech.com/dashboard.php
Username and password are Valid:: dashboard----http://webapp.qedgetech.com/dashboard.php]]>
    </system-out>
  </testcase> <!-- startTest -->
  <system-out>
    <![CDATA[No Of Rows are ::10
Username and password are Valid:: dashboard----http://webapp.qedgetech.com/dashboard.php
Incorrect user ID or password------dashboard------http://webapp.qedgetech.com/login.php
Username and password are Valid:: dashboard----http://webapp.qedgetech.com/dashboard.php
Incorrect user ID or password------dashboard------http://webapp.qedgetech.com/login.php
Username and password are Valid:: dashboard----http://webapp.qedgetech.com/dashboard.php
Incorrect user ID or password------dashboard------http://webapp.qedgetech.com/login.php
Incorrect user ID or password------dashboard------http://webapp.qedgetech.com/login.php
Username and password are Valid:: dashboard----http://webapp.qedgetech.com/dashboard.php
Username and password are Valid:: dashboard----http://webapp.qedgetech.com/dashboard.php
Username and password are Valid:: dashboard----http://webapp.qedgetech.com/dashboard.php]]>
  </system-out>
</testsuite> <!-- driverFactory.AppTest -->
